
ASEM-51 V1.3                                         Copyright (c) 2002 by W.W. Heinz                                         PAGE 1





       MCS-51 Family Macro Assembler   A S E M - 5 1   V 1.3
       =====================================================



	Source File:	C:\Users\Uzman\Desktop\KEYPAD.ASM
	Object File:	C:\Users\Uzman\Desktop\KEYPAD.hex
	List File:	C:\Users\Uzman\Desktop\KEYPAD.lst



 Line  I  Addr  Code            Source

    1:		N      0000	ORG 00H
    2:	  0000	90 00 90	MOV DPTR,#LUT  ;moves starting address of LUT to DPTR
    3:	  0003	74 FF		MOV A,#11111111B  ;loads A with all 1's
    4:	  0005	75 80 00	MOV P0,#00000000B ;initializes P0 as output port
    5:
    6:	  0008	75 90 FF	BACK:MOV P1,#11111111B ;loads P1 with all 1's
    7:	  000B	C2 90		     CLR P1.0  ;makes row 1 low
    8:	  000D	20 94 04	     JB P1.4,NEXT1  ;checks whether column 1 is low and jumps to NEXT1 if not low
    9:	  0010	74 00		     MOV A,#0D   ;loads a with 0D if column is low (that means key 1 is pressed)
   10:	  0012	11 8C		     ACALL DISPLAY  ;calls DISPLAY subroutine
   11:	  0014	20 95 04	NEXT1:JB P1.5,NEXT2 ;checks whether column 2 is low and so on...
   12:	  0017	74 01		      MOV A,#1D
   13:	  0019	11 8C		      ACALL DISPLAY
   14:	  001B	20 96 04	NEXT2:JB P1.6,NEXT3
   15:	  001E	74 02		      MOV A,#2D
   16:	  0020	11 8C		      ACALL DISPLAY
   17:	  0022	20 97 04	NEXT3:JB P1.7,NEXT4
   18:	  0025	74 03		      MOV A,#3D
   19:	  0027	11 8C		      ACALL DISPLAY
   20:	  0029	D2 90		NEXT4:SETB P1.0
   21:	  002B	C2 91		      CLR P1.1
   22:	  002D	20 94 04	      JB P1.4,NEXT5
   23:	  0030	74 04		      MOV A,#4D
   24:	  0032	11 8C		      ACALL DISPLAY
   25:	  0034	20 95 04	NEXT5:JB P1.5,NEXT6
   26:	  0037	74 05		      MOV A,#5D
   27:	  0039	11 8C		      ACALL DISPLAY
   28:	  003B	20 96 04	NEXT6:JB P1.6,NEXT7
   29:	  003E	74 06		      MOV A,#6D
   30:	  0040	11 8C		      ACALL DISPLAY
   31:	  0042	20 97 04	NEXT7:JB P1.7,NEXT8
   32:	  0045	74 07		      MOV A,#7D
   33:	  0047	11 8C		      ACALL DISPLAY
   34:	  0049	D2 91		NEXT8:SETB P1.1
   35:	  004B	C2 92		      CLR P1.2
   36:	  004D	20 94 04	      JB P1.4,NEXT9
   37:	  0050	74 08		      MOV A,#8D
   38:	  0052	11 8C		      ACALL DISPLAY
   39:	  0054	20 95 04	NEXT9:JB P1.5,NEXT10
   40:	  0057	74 09		      MOV A,#9D
   41:	  0059	11 8C		      ACALL DISPLAY
   42:	  005B	20 96 04	NEXT10:JB P1.6,NEXT11
   43:	  005E	74 0A		       MOV A,#10D

ASEM-51 V1.3                                         Copyright (c) 2002 by W.W. Heinz                                         PAGE 2



 Line  I  Addr  Code            Source

   44:	  0060	11 8C		       ACALL DISPLAY
   45:	  0062	20 97 04	NEXT11:JB P1.7,NEXT12
   46:	  0065	74 0B		       MOV A,#11D
   47:	  0067	11 8C		       ACALL DISPLAY
   48:	  0069	D2 92		NEXT12:SETB P1.2
   49:	  006B	C2 93		       CLR P1.3
   50:	  006D	20 94 04	       JB P1.4,NEXT13
   51:	  0070	74 0C		       MOV A,#12D
   52:	  0072	11 8C		       ACALL DISPLAY
   53:	  0074	20 95 04	NEXT13:JB P1.5,NEXT14
   54:	  0077	74 0D		       MOV A,#13D
   55:	  0079	11 8C		       ACALL DISPLAY
   56:	  007B	20 96 04	NEXT14:JB P1.6,NEXT15
   57:	  007E	74 0E		       MOV A,#14D
   58:	  0080	11 8C		       ACALL DISPLAY
   59:	  0082	20 97 83	NEXT15:JB P1.7,BACK
   60:	  0085	74 0F		       MOV A,#15D
   61:	  0087	11 8C		       ACALL DISPLAY
   62:	  0089	02 00 08	       LJMP BACK
   63:
   64:	  008C	93		DISPLAY:MOVC A,@A+DPTR ;gets digit drive pattern for the current key from LUT
   65:	  008D	F5 80		        MOV P0,A       ;puts corresponding digit drive pattern into P0
   66:	  008F	22		        RET
   67:
   68:	  0090	60		LUT: DB 01100000B ;Look up table starts here
   69:	  0091	DA		     DB 11011010B
   70:	  0092	F2		     DB 11110010B
   71:	  0093	EE		     DB 11101110B
   72:	  0094	66		     DB 01100110B
   73:	  0095	B6		     DB 10110110B
   74:	  0096	BE		     DB 10111110B
   75:	  0097	3E		     DB 00111110B
   76:	  0098	E0		     DB 11100000B
   77:	  0099	FE		     DB 11111110B
   78:	  009A	F6		     DB 11110110B
   79:	  009B	9C		     DB 10011100B
   80:	  009C	9E		     DB 10011110B
   81:	  009D	FC		     DB 11111100B
   82:	  009E	8E		     DB 10001110B
   83:	  009F	7A		     DB 01111010B
   84:				     END





                     register banks used:  ---

                     no errors




ASEM-51 V1.3                                         Copyright (c) 2002 by W.W. Heinz                                         PAGE 3





	       L I S T   O F   S Y M B O L S
	       =============================


SYMBOL				  TYPE     VALUE	LINE
------------------------------------------------------------
??ASEM_51			  NUMBER    8051
??VERSION			  NUMBER    0130
AC				  BIT	      D6
ACC				  DATA	      E0
B				  DATA	      F0
BACK				  CODE	    0008	   6
CY				  BIT	      D7
DISPLAY				  CODE	    008C	  64
DPH				  DATA	      83
DPL				  DATA	      82
EA				  BIT	      AF
ES				  BIT	      AC
ET0				  BIT	      A9
ET1				  BIT	      AB
EX0				  BIT	      A8
EX1				  BIT	      AA
EXTI0				  CODE	    0003
EXTI1				  CODE	    0013
F0				  BIT	      D5
IE				  DATA	      A8
IE0				  BIT	      89
IE1				  BIT	      8B
INT0				  BIT	      B2
INT1				  BIT	      B3
IP				  DATA	      B8
IT0				  BIT	      88
IT1				  BIT	      8A
LUT				  CODE	    0090	  68
NEXT1				  CODE	    0014	  11
NEXT10				  CODE	    005B	  42
NEXT11				  CODE	    0062	  45
NEXT12				  CODE	    0069	  48
NEXT13				  CODE	    0074	  53
NEXT14				  CODE	    007B	  56
NEXT15				  CODE	    0082	  59
NEXT2				  CODE	    001B	  14
NEXT3				  CODE	    0022	  17
NEXT4				  CODE	    0029	  20
NEXT5				  CODE	    0034	  25
NEXT6				  CODE	    003B	  28
NEXT7				  CODE	    0042	  31
NEXT8				  CODE	    0049	  34
NEXT9				  CODE	    0054	  39
OV				  BIT	      D2
P				  BIT	      D0
P0				  DATA	      80
P1				  DATA	      90
P2				  DATA	      A0
P3				  DATA	      B0
PCON				  DATA	      87

ASEM-51 V1.3                                         Copyright (c) 2002 by W.W. Heinz                                         PAGE 4



SYMBOL				  TYPE     VALUE	LINE
------------------------------------------------------------
PS				  BIT	      BC
PSW				  DATA	      D0
PT0				  BIT	      B9
PT1				  BIT	      BB
PX0				  BIT	      B8
PX1				  BIT	      BA
RB8				  BIT	      9A
RD				  BIT	      B7
REN				  BIT	      9C
RESET				  CODE	    0000
RI				  BIT	      98
RS0				  BIT	      D3
RS1				  BIT	      D4
RXD				  BIT	      B0
SBUF				  DATA	      99
SCON				  DATA	      98
SINT				  CODE	    0023
SM0				  BIT	      9F
SM1				  BIT	      9E
SM2				  BIT	      9D
SP				  DATA	      81
T0				  BIT	      B4
T1				  BIT	      B5
TB8				  BIT	      9B
TCON				  DATA	      88
TF0				  BIT	      8D
TF1				  BIT	      8F
TH0				  DATA	      8C
TH1				  DATA	      8D
TI				  BIT	      99
TIMER0				  CODE	    000B
TIMER1				  CODE	    001B
TL0				  DATA	      8A
TL1				  DATA	      8B
TMOD				  DATA	      89
TR0				  BIT	      8C
TR1				  BIT	      8E
TXD				  BIT	      B1
WR				  BIT	      B6
