
ASEM-51 V1.3                                         Copyright (c) 2002 by W.W. Heinz                                         PAGE 1





       MCS-51 Family Macro Assembler   A S E M - 5 1   V 1.3
       =====================================================



	Source File:	C:\Users\Uzman\Desktop\Project\LCDSERIAL.asm
	Object File:	C:\Users\Uzman\Desktop\Project\LCDSERIAL.hex
	List File:	C:\Users\Uzman\Desktop\Project\LCDSERIAL.lst



 Line  I  Addr  Code            Source

    1:				;MOVE DATA SERIALLY INTO 8051 SERIALLY AT BAUD RATE OF 4800, AND DISPLAY IT ON LCD SCREEN
    2:		N      0000	ORG 00H
    3:	  0000	75 89 FA	MOV TMOD, #-6
    4:	  0003	75 98 50	MOV SCON,#50H
    5:	  0006	74 26		MOV A,#38
    6:	  0008	11 28		ACALL CMND
    7:	  000A	74 0E		MOV A,#0EH
    8:	  000C	11 28		ACALL CMND
    9:	  000E	74 01		MOV A,#01H
   10:	  0010	11 28		ACALL CMND
   11:	  0012	74 84		MOV A,#84H
   12:	  0014	11 28		ACALL CMND
   13:	  0016	D2 8E		SETB TR1
   14:	  0018			HERE:
   15:	  0018	30 98 FD		JNB RI, HERE
   16:	  001B	E5 99		MOV A, SBUF
   17:	  001D	11 35		ACALL DISP
   18:	  001F	E4		CLR A
   19:	  0020	C2 98		CLR RI
   20:	  0022	74 0E		MOV A, #14
   21:	  0024	11 28		ACALL CMND
   22:	  0026	80 F0		SJMP HERE
   23:
   24:	  0028			CMND:
   25:	  0028	F5 90			MOV P1, A
   26:	  002A	C2 A0			CLR P2.0
   27:	  002C	C2 A1			CLR P2.1
   28:	  002E	D2 A2			SETB P2.2
   29:	  0030	11 42			ACALL DELAY
   30:	  0032	C2 A2			CLR P2.2
   31:	  0034	22			RET
   32:
   33:	  0035			DISP:
   34:	  0035	F5 90			MOV P1,A
   35:	  0037	D2 A0			SETB P2.0
   36:	  0039	C2 A1			CLR P2.1
   37:	  003B	D2 A2			SETB P2.2
   38:	  003D	11 42			ACALL DELAY
   39:	  003F	C2 A2			CLR P2.2
   40:	  0041	22			RET
   41:
   42:	  0042			DELAY:
   43:	  0042	7B 32			MOV R3, #50

ASEM-51 V1.3                                         Copyright (c) 2002 by W.W. Heinz                                         PAGE 2



 Line  I  Addr  Code            Source

   44:	  0044	7C FF			HERE2: MOV R4, #255
   45:	  0046	DC FE			HERE1: DJNZ R4, HERE1
   46:	  0048	DB FA			DJNZ R3, HERE2
   47:
   48:				END





                     register banks used:  ---

                     no errors




ASEM-51 V1.3                                         Copyright (c) 2002 by W.W. Heinz                                         PAGE 3





	       L I S T   O F   S Y M B O L S
	       =============================


SYMBOL				  TYPE     VALUE	LINE
------------------------------------------------------------
??ASEM_51			  NUMBER    8051
??VERSION			  NUMBER    0130
AC				  BIT	      D6
ACC				  DATA	      E0
B				  DATA	      F0
CMND				  CODE	    0028	  24
CY				  BIT	      D7
DELAY				  CODE	    0042	  42
DISP				  CODE	    0035	  33
DPH				  DATA	      83
DPL				  DATA	      82
EA				  BIT	      AF
ES				  BIT	      AC
ET0				  BIT	      A9
ET1				  BIT	      AB
EX0				  BIT	      A8
EX1				  BIT	      AA
EXTI0				  CODE	    0003
EXTI1				  CODE	    0013
F0				  BIT	      D5
HERE				  CODE	    0018	  14
HERE1				  CODE	    0046	  45
HERE2				  CODE	    0044	  44
IE				  DATA	      A8
IE0				  BIT	      89
IE1				  BIT	      8B
INT0				  BIT	      B2
INT1				  BIT	      B3
IP				  DATA	      B8
IT0				  BIT	      88
IT1				  BIT	      8A
OV				  BIT	      D2
P				  BIT	      D0
P0				  DATA	      80
P1				  DATA	      90
P2				  DATA	      A0
P3				  DATA	      B0
PCON				  DATA	      87
PS				  BIT	      BC
PSW				  DATA	      D0
PT0				  BIT	      B9
PT1				  BIT	      BB
PX0				  BIT	      B8
PX1				  BIT	      BA
RB8				  BIT	      9A
RD				  BIT	      B7
REN				  BIT	      9C
RESET				  CODE	    0000
RI				  BIT	      98
RS0				  BIT	      D3

ASEM-51 V1.3                                         Copyright (c) 2002 by W.W. Heinz                                         PAGE 4



SYMBOL				  TYPE     VALUE	LINE
------------------------------------------------------------
RS1				  BIT	      D4
RXD				  BIT	      B0
SBUF				  DATA	      99
SCON				  DATA	      98
SINT				  CODE	    0023
SM0				  BIT	      9F
SM1				  BIT	      9E
SM2				  BIT	      9D
SP				  DATA	      81
T0				  BIT	      B4
T1				  BIT	      B5
TB8				  BIT	      9B
TCON				  DATA	      88
TF0				  BIT	      8D
TF1				  BIT	      8F
TH0				  DATA	      8C
TH1				  DATA	      8D
TI				  BIT	      99
TIMER0				  CODE	    000B
TIMER1				  CODE	    001B
TL0				  DATA	      8A
TL1				  DATA	      8B
TMOD				  DATA	      89
TR0				  BIT	      8C
TR1				  BIT	      8E
TXD				  BIT	      B1
WR				  BIT	      B6
