
ASEM-51 V1.3                                         Copyright (c) 2002 by W.W. Heinz                                         PAGE 1





       MCS-51 Family Macro Assembler   A S E M - 5 1   V 1.3
       =====================================================



	Source File:	C:\Users\Uzman\Desktop\mux.asm
	Object File:	C:\Users\Uzman\Desktop\mux.hex
	List File:	C:\Users\Uzman\Desktop\mux.lst



 Line  I  Addr  Code            Source

    1:		N      0000	ORG 000H
    2:	  0000	D2 91		SETB P1.1
    3:	  0002	30 91 2B	JNB P1.1, OFF
    4:	  0005	D2 A0		SETB P2.0
    5:	  0007	D2 A1		SETB P2.1
    6:	  0009	D2 A2		SETB P2.2
    7:
    8:	  000B	20 A0 08	JB P2.0, CON1
    9:	  000E	20 A1 0D	JB P2.1, CON2
   10:	  0011	20 A2 14	JB P2.2, CON4
   11:
   12:	  0014	74 03		CON0: MOV A,#3
   13:
   14:	  0016	20 A1 0A	CON1:   JB P2.1, CON3
   15:	  0019	20 A2 0E		JB P2.2, CON5
   16:	  001C	74 03			MOV A,#3
   17:
   18:	  001E	20 A2 0B	CON2: JB P2.2, CON6
   19:	  0021	74 03			MOV A,#3
   20:
   21:	  0023	20 A2 08	CON3: JB P2.2, CON7
   22:	  0026	74 03			MOV A,#3
   23:	  0028	74 03		CON4: MOV A,#3
   24:	  002A	74 03		CON5: MOV A,#3
   25:	  002C	74 03		CON6: MOV A,#3
   26:	  002E	74 03		CON7: MOV A,#3
   27:
   28:
   29:
   30:
   31:	  0030	00		OFF: NOP
   32:				END





                     register banks used:  ---

                     no errors




ASEM-51 V1.3                                         Copyright (c) 2002 by W.W. Heinz                                         PAGE 2





	       L I S T   O F   S Y M B O L S
	       =============================


SYMBOL				  TYPE     VALUE	LINE
------------------------------------------------------------
??ASEM_51			  NUMBER    8051
??VERSION			  NUMBER    0130
AC				  BIT	      D6
ACC				  DATA	      E0
B				  DATA	      F0
CON0				  CODE	    0014	  12
CON1				  CODE	    0016	  14
CON2				  CODE	    001E	  18
CON3				  CODE	    0023	  21
CON4				  CODE	    0028	  23
CON5				  CODE	    002A	  24
CON6				  CODE	    002C	  25
CON7				  CODE	    002E	  26
CY				  BIT	      D7
DPH				  DATA	      83
DPL				  DATA	      82
EA				  BIT	      AF
ES				  BIT	      AC
ET0				  BIT	      A9
ET1				  BIT	      AB
EX0				  BIT	      A8
EX1				  BIT	      AA
EXTI0				  CODE	    0003
EXTI1				  CODE	    0013
F0				  BIT	      D5
IE				  DATA	      A8
IE0				  BIT	      89
IE1				  BIT	      8B
INT0				  BIT	      B2
INT1				  BIT	      B3
IP				  DATA	      B8
IT0				  BIT	      88
IT1				  BIT	      8A
OFF				  CODE	    0030	  31
OV				  BIT	      D2
P				  BIT	      D0
P0				  DATA	      80
P1				  DATA	      90
P2				  DATA	      A0
P3				  DATA	      B0
PCON				  DATA	      87
PS				  BIT	      BC
PSW				  DATA	      D0
PT0				  BIT	      B9
PT1				  BIT	      BB
PX0				  BIT	      B8
PX1				  BIT	      BA
RB8				  BIT	      9A
RD				  BIT	      B7
REN				  BIT	      9C

ASEM-51 V1.3                                         Copyright (c) 2002 by W.W. Heinz                                         PAGE 3



SYMBOL				  TYPE     VALUE	LINE
------------------------------------------------------------
RESET				  CODE	    0000
RI				  BIT	      98
RS0				  BIT	      D3
RS1				  BIT	      D4
RXD				  BIT	      B0
SBUF				  DATA	      99
SCON				  DATA	      98
SINT				  CODE	    0023
SM0				  BIT	      9F
SM1				  BIT	      9E
SM2				  BIT	      9D
SP				  DATA	      81
T0				  BIT	      B4
T1				  BIT	      B5
TB8				  BIT	      9B
TCON				  DATA	      88
TF0				  BIT	      8D
TF1				  BIT	      8F
TH0				  DATA	      8C
TH1				  DATA	      8D
TI				  BIT	      99
TIMER0				  CODE	    000B
TIMER1				  CODE	    001B
TL0				  DATA	      8A
TL1				  DATA	      8B
TMOD				  DATA	      89
TR0				  BIT	      8C
TR1				  BIT	      8E
TXD				  BIT	      B1
WR				  BIT	      B6
