
ASEM-51 V1.3                                         Copyright (c) 2002 by W.W. Heinz                                         PAGE 1





       MCS-51 Family Macro Assembler   A S E M - 5 1   V 1.3
       =====================================================



	Source File:	C:\Users\Uzman\Desktop\Project.asm
	Object File:	C:\Users\Uzman\Desktop\Project.hex
	List File:	C:\Users\Uzman\Desktop\Project.lst



 Line  I  Addr  Code            Source

    1:		N      0000	ORG 00H
    2:	  0000	75 80 FF	MOV P0, #0FFH		;DEFINE P0 AS INPUT PORT
    3:	  0003	75 A0 00	MOV P2, #00H		;DEFINE P2 AS OUTPUT PORT
    4:
    5:
    6:
    7:	  0006	20 80 0B	HERE: 	JB P0.0, FORWARD	;IF P0.0 IS 1 MOVE FORWARD
    8:	  0009	20 81 1A		JB P0.1, LEFTWARD	;IF P0.1 IS 1 MOVE LEFTWARD
    9:	  000C	20 82 20		JB P0.2, RIGHTWARD	;IF P0.2 IS 1 MOVE RIGHTWARD
   10:	  000F	20 83 0B		JB P0.3, BACKWARD	;IF P0.3 IS 1 MOVE BACKWARD
   11:	  0012	80 F2			SJMP HERE
   12:
   13:	  0014			FORWARD:			;MOVE FORWARD
   14:	  0014	D2 A6			SETB P2.6
   15:	  0016	D2 A1			SETB P2.1
   16:	  0018	C2 A0			CLR P2.0
   17:	  001A	C2 A7			CLR P2.7
   18:	  001C	22			RET
   19:
   20:	  001D			BACKWARD:			;MOVE BACKWARDS
   21:	  001D	C2 A6			CLR P2.6
   22:	  001F	C2 A1			CLR P2.1
   23:	  0021	D2 A0			SETB P2.0
   24:	  0023	D2 A7			SETB P2.7
   25:	  0025	22			RET
   26:
   27:	  0026			LEFTWARD:			;MOVE LEFT
   28:	  0026	D2 A6			SETB P2.6
   29:	  0028	C2 A1			CLR P2.1
   30:	  002A	C2 A0			CLR P2.0
   31:	  002C	C2 A7			CLR P2.7
   32:	  002E	22			RET
   33:
   34:	  002F			RIGHTWARD:			;MOVE RIGHT
   35:	  002F	C2 A6			CLR P2.6
   36:	  0031	D2 A1			SETB P2.1
   37:	  0033	C2 A0			CLR P2.0
   38:	  0035	C2 A7			CLR P2.7
   39:	  0037	22			RET
   40:				END
   41:
   42:


ASEM-51 V1.3                                         Copyright (c) 2002 by W.W. Heinz                                         PAGE 2







                     register banks used:  ---

                     no errors




ASEM-51 V1.3                                         Copyright (c) 2002 by W.W. Heinz                                         PAGE 3





	       L I S T   O F   S Y M B O L S
	       =============================


SYMBOL				  TYPE     VALUE	LINE
------------------------------------------------------------
??ASEM_51			  NUMBER    8051
??VERSION			  NUMBER    0130
AC				  BIT	      D6
ACC				  DATA	      E0
B				  DATA	      F0
BACKWARD			  CODE	    001D	  20
CY				  BIT	      D7
DPH				  DATA	      83
DPL				  DATA	      82
EA				  BIT	      AF
ES				  BIT	      AC
ET0				  BIT	      A9
ET1				  BIT	      AB
EX0				  BIT	      A8
EX1				  BIT	      AA
EXTI0				  CODE	    0003
EXTI1				  CODE	    0013
F0				  BIT	      D5
FORWARD				  CODE	    0014	  13
HERE				  CODE	    0006	   7
IE				  DATA	      A8
IE0				  BIT	      89
IE1				  BIT	      8B
INT0				  BIT	      B2
INT1				  BIT	      B3
IP				  DATA	      B8
IT0				  BIT	      88
IT1				  BIT	      8A
LEFTWARD			  CODE	    0026	  27
OV				  BIT	      D2
P				  BIT	      D0
P0				  DATA	      80
P1				  DATA	      90
P2				  DATA	      A0
P3				  DATA	      B0
PCON				  DATA	      87
PS				  BIT	      BC
PSW				  DATA	      D0
PT0				  BIT	      B9
PT1				  BIT	      BB
PX0				  BIT	      B8
PX1				  BIT	      BA
RB8				  BIT	      9A
RD				  BIT	      B7
REN				  BIT	      9C
RESET				  CODE	    0000
RI				  BIT	      98
RIGHTWARD			  CODE	    002F	  34
RS0				  BIT	      D3
RS1				  BIT	      D4

ASEM-51 V1.3                                         Copyright (c) 2002 by W.W. Heinz                                         PAGE 4



SYMBOL				  TYPE     VALUE	LINE
------------------------------------------------------------
RXD				  BIT	      B0
SBUF				  DATA	      99
SCON				  DATA	      98
SINT				  CODE	    0023
SM0				  BIT	      9F
SM1				  BIT	      9E
SM2				  BIT	      9D
SP				  DATA	      81
T0				  BIT	      B4
T1				  BIT	      B5
TB8				  BIT	      9B
TCON				  DATA	      88
TF0				  BIT	      8D
TF1				  BIT	      8F
TH0				  DATA	      8C
TH1				  DATA	      8D
TI				  BIT	      99
TIMER0				  CODE	    000B
TIMER1				  CODE	    001B
TL0				  DATA	      8A
TL1				  DATA	      8B
TMOD				  DATA	      89
TR0				  BIT	      8C
TR1				  BIT	      8E
TXD				  BIT	      B1
WR				  BIT	      B6
